2019-04-24 09:12:33<xml><ToUserName><![CDATA[gh_6a4f70b5eed6]]></ToUserName>
<FromUserName><![CDATA[od-A-1FwnuCU3XUp3HU6wtIuDw48]]></FromUserName>
<CreateTime>1555396243</CreateTime>
<MsgType><![CDATA[text]]></MsgType>
<Content><![CDATA[北京+天气]]></Content>
<MsgId>22267922250759760</MsgId>
</xml>

2019-04-24 09:13:16<xml><ToUserName><![CDATA[gh_6a4f70b5eed6]]></ToUserName>
<FromUserName><![CDATA[od-A-1FwnuCU3XUp3HU6wtIuDw48]]></FromUserName>
<CreateTime>1555396243</CreateTime>
<MsgType><![CDATA[text]]></MsgType>
<Content><![CDATA[北京+天气]]></Content>
<MsgId>22267922250759760</MsgId>
</xml>

2019-04-24 09:17:39<xml><ToUserName><![CDATA[gh_6a4f70b5eed6]]></ToUserName>
<FromUserName><![CDATA[od-A-1FwnuCU3XUp3HU6wtIuDw48]]></FromUserName>
<CreateTime>1555396243</CreateTime>
<MsgType><![CDATA[text]]></MsgType>
<Content><![CDATA[北京+天气]]></Content>
<MsgId>22267922250759760</MsgId>
</xml>

2019-04-24 09:25:40<xml><ToUserName><![CDATA[gh_6a4f70b5eed6]]></ToUserName>
<FromUserName><![CDATA[od-A-1FwnuCU3XUp3HU6wtIuDw48]]></FromUserName>
<CreateTime>1555396243</CreateTime>
<MsgType><![CDATA[text]]></MsgType>
<Content><![CDATA[最新商品]]></Content>
<MsgId>22267922250759760</MsgId>
</xml>

2019-04-24 09:31:56<xml><ToUserName><![CDATA[gh_6a4f70b5eed6]]></ToUserName>
<FromUserName><![CDATA[od-A-1FwnuCU3XUp3HU6wtIuDw48]]></FromUserName>
<CreateTime>1555396243</CreateTime>
<MsgType><![CDATA[text]]></MsgType>
<Content><![CDATA[最新商品]]></Content>
<MsgId>22267922250759760</MsgId>
</xml>

2019-04-24 09:32:50<xml><ToUserName><![CDATA[gh_6a4f70b5eed6]]></ToUserName>
<FromUserName><![CDATA[od-A-1FwnuCU3XUp3HU6wtIuDw48]]></FromUserName>
<CreateTime>1555396243</CreateTime>
<MsgType><![CDATA[text]]></MsgType>
<Content><![CDATA[最新商品]]></Content>
<MsgId>22267922250759760</MsgId>
</xml>

2019-04-24 09:33:03<xml><ToUserName><![CDATA[gh_6a4f70b5eed6]]></ToUserName>
<FromUserName><![CDATA[od-A-1FwnuCU3XUp3HU6wtIuDw48]]></FromUserName>
<CreateTime>1555396243</CreateTime>
<MsgType><![CDATA[text]]></MsgType>
<Content><![CDATA[最新商品]]></Content>
<MsgId>22267922250759760</MsgId>
</xml>

2019-04-24 09:39:27<xml><ToUserName><![CDATA[gh_6a4f70b5eed6]]></ToUserName>
<FromUserName><![CDATA[od-A-1FwnuCU3XUp3HU6wtIuDw48]]></FromUserName>
<CreateTime>1555396243</CreateTime>
<MsgType><![CDATA[text]]></MsgType>
<Content><![CDATA[最新商品]]></Content>
<MsgId>22267922250759760</MsgId>
</xml>

2019-04-24 09:39:45<xml><ToUserName><![CDATA[gh_6a4f70b5eed6]]></ToUserName>
<FromUserName><![CDATA[od-A-1FwnuCU3XUp3HU6wtIuDw48]]></FromUserName>
<CreateTime>1555396243</CreateTime>
<MsgType><![CDATA[text]]></MsgType>
<Content><![CDATA[最新商品]]></Content>
<MsgId>22267922250759760</MsgId>
</xml>

2019-04-24 09:57:44<xml><ToUserName><![CDATA[gh_6a4f70b5eed6]]></ToUserName>
<FromUserName><![CDATA[od-A-1FwnuCU3XUp3HU6wtIuDw48]]></FromUserName>
<CreateTime>1555396243</CreateTime>
<MsgType><![CDATA[text]]></MsgType>
<Content><![CDATA[最新商品]]></Content>
<MsgId>22267922250759760</MsgId>
</xml>

2019-04-24 10:34:34
2019-04-24 10:35:28<xml><ToUserName><![CDATA[gh_6a4f70b5eed6]]></ToUserName>
<FromUserName><![CDATA[od-A-1FwnuCU3XUp3HU6wtIuDw48]]></FromUserName>
<CreateTime>1555396243</CreateTime>
<MsgType><![CDATA[text]]></MsgType>
<Content><![CDATA[最新商品]]></Content>
<MsgId>22267922250759760</MsgId>
</xml>
2019-04-24 10:45:34<xml><ToUserName><![CDATA[gh_6a4f70b5eed6]]></ToUserName>
<FromUserName><![CDATA[od-A-1FwnuCU3XUp3HU6wtIuDw48]]></FromUserName>
<CreateTime>1555396243</CreateTime>
<MsgType><![CDATA[text]]></MsgType>
<Content><![CDATA[最新商品]]></Content>
<MsgId>22267922250759760</MsgId>
</xml>
2019-04-24 10:45:59<xml><ToUserName><![CDATA[gh_6a4f70b5eed6]]></ToUserName>
<FromUserName><![CDATA[od-A-1FwnuCU3XUp3HU6wtIuDw48]]></FromUserName>
<CreateTime>1555396243</CreateTime>
<MsgType><![CDATA[text]]></MsgType>
<Content><![CDATA[最新商品]]></Content>
<MsgId>22267922250759760</MsgId>
</xml>
2019-04-24 11:17:36<xml><ToUserName><![CDATA[gh_6a4f70b5eed6]]></ToUserName>
<FromUserName><![CDATA[od-A-1FwnuCU3XUp3HU6wtIuDw48]]></FromUserName>
<CreateTime>1555396243</CreateTime>
<MsgType><![CDATA[text]]></MsgType>
<Content><![CDATA[最新商品]]></Content>
<MsgId>22267922250759760</MsgId>
</xml>
2019-04-24 11:18:28<xml><ToUserName><![CDATA[gh_6a4f70b5eed6]]></ToUserName>
<FromUserName><![CDATA[od-A-1FwnuCU3XUp3HU6wtIuDw48]]></FromUserName>
<CreateTime>1555396243</CreateTime>
<MsgType><![CDATA[text]]></MsgType>
<Content><![CDATA[最新商品]]></Content>
<MsgId>22267922250759760</MsgId>
</xml>
2019-04-24 11:44:39<xml><ToUserName><![CDATA[gh_6a4f70b5eed6]]></ToUserName>
<FromUserName><![CDATA[od-A-1FwnuCU3XUp3HU6wtIuDw48]]></FromUserName>
<CreateTime>1555396243</CreateTime>
<MsgType><![CDATA[text]]></MsgType>
<Content><![CDATA[最新商品]]></Content>
<MsgId>22267922250759760</MsgId>
</xml>
2019-04-24 11:46:04<xml><ToUserName><![CDATA[gh_6a4f70b5eed6]]></ToUserName>
<FromUserName><![CDATA[od-A-1FwnuCU3XUp3HU6wtIuDw48]]></FromUserName>
<CreateTime>1555396243</CreateTime>
<MsgType><![CDATA[text]]></MsgType>
<Content><![CDATA[最新商品]]></Content>
<MsgId>22267922250759760</MsgId>
</xml>
2019-04-24 11:58:56<xml><ToUserName><![CDATA[gh_6a4f70b5eed6]]></ToUserName>
<FromUserName><![CDATA[od-A-1FwnuCU3XUp3HU6wtIuDw48]]></FromUserName>
<CreateTime>1555396243</CreateTime>
<MsgType><![CDATA[text]]></MsgType>
<Content><![CDATA[最新商品]]></Content>
<MsgId>22267922250759760</MsgId>
</xml>
2019-04-24 11:59:34<xml><ToUserName><![CDATA[gh_6a4f70b5eed6]]></ToUserName>
<FromUserName><![CDATA[od-A-1FwnuCU3XUp3HU6wtIuDw48]]></FromUserName>
<CreateTime>1555396243</CreateTime>
<MsgType><![CDATA[text]]></MsgType>
<Content><![CDATA[最新商品]]></Content>
<MsgId>22267922250759760</MsgId>
</xml>
2019-04-24 12:00:28<xml><ToUserName><![CDATA[gh_6a4f70b5eed6]]></ToUserName>
<FromUserName><![CDATA[od-A-1FwnuCU3XUp3HU6wtIuDw48]]></FromUserName>
<CreateTime>1555396243</CreateTime>
<MsgType><![CDATA[text]]></MsgType>
<Content><![CDATA[最新商品]]></Content>
<MsgId>22267922250759760</MsgId>
</xml>
2019-04-24 12:00:54<xml><ToUserName><![CDATA[gh_6a4f70b5eed6]]></ToUserName>
<FromUserName><![CDATA[od-A-1FwnuCU3XUp3HU6wtIuDw48]]></FromUserName>
<CreateTime>1555396243</CreateTime>
<MsgType><![CDATA[text]]></MsgType>
<Content><![CDATA[最新商品]]></Content>
<MsgId>22267922250759760</MsgId>
</xml>
2019-04-24 12:02:07<xml><ToUserName><![CDATA[gh_6a4f70b5eed6]]></ToUserName>
<FromUserName><![CDATA[od-A-1FwnuCU3XUp3HU6wtIuDw48]]></FromUserName>
<CreateTime>1555396243</CreateTime>
<MsgType><![CDATA[text]]></MsgType>
<Content><![CDATA["最新商品"]]></Content>
<MsgId>22267922250759760</MsgId>
</xml>
2019-04-24 12:02:36<xml><ToUserName><![CDATA[gh_6a4f70b5eed6]]></ToUserName>
<FromUserName><![CDATA[od-A-1FwnuCU3XUp3HU6wtIuDw48]]></FromUserName>
<CreateTime>1555396243</CreateTime>
<MsgType><![CDATA[text]]></MsgType>
<Content><![CDATA["最品"]]></Content>
<MsgId>22267922250759760</MsgId>
</xml>
2019-04-28 16:44:14<xml><ToUserName><![CDATA[gh_6a4f70b5eed6]]></ToUserName>
<FromUserName><![CDATA[od-A-1FwnuCU3XUp3HU6wtIuDw48]]></FromUserName>
<CreateTime>1556440355</CreateTime>
<MsgType><![CDATA[event]]></MsgType>
<Event><![CDATA[SCAN]]></Event>
<EventKey><![CDATA[0]]></EventKey>
<Ticket><![CDATA[gQHx8DwAAAAAAAAAAS5odHRwOi8vd2VpeGluLnFxLmNvbS9xLzAyNEprcFFlVHdjLWsxLVBBSU5zMVoAAgSzV8VcAwQAjScA]]></Ticket>
</xml>
2019-04-28 16:44:47<xml><ToUserName><![CDATA[gh_6a4f70b5eed6]]></ToUserName>
<FromUserName><![CDATA[od-A-1FwnuCU3XUp3HU6wtIuDw48]]></FromUserName>
<CreateTime>1556440355</CreateTime>
<MsgType><![CDATA[event]]></MsgType>
<Event><![CDATA[SCAN]]></Event>
<EventKey><![CDATA[0]]></EventKey>
<Ticket><![CDATA[gQHx8DwAAAAAAAAAAS5odHRwOi8vd2VpeGluLnFxLmNvbS9xLzAyNEprcFFlVHdjLWsxLVBBSU5zMVoAAgSzV8VcAwQAjScA]]></Ticket>
</xml>
2019-04-28 16:45:25<xml><ToUserName><![CDATA[gh_6a4f70b5eed6]]></ToUserName>
<FromUserName><![CDATA[od-A-1FwnuCU3XUp3HU6wtIuDw48]]></FromUserName>
<CreateTime>1556440355</CreateTime>
<MsgType><![CDATA[event]]></MsgType>
<Event><![CDATA[SCAN]]></Event>
<EventKey><![CDATA[0]]></EventKey>
<Ticket><![CDATA[gQHx8DwAAAAAAAAAAS5odHRwOi8vd2VpeGluLnFxLmNvbS9xLzAyNEprcFFlVHdjLWsxLVBBSU5zMVoAAgSzV8VcAwQAjScA]]></Ticket>
</xml>
2019-04-28 16:45:56<xml><ToUserName><![CDATA[gh_6a4f70b5eed6]]></ToUserName>
<FromUserName><![CDATA[od-A-1FwnuCU3XUp3HU6wtIuDw48]]></FromUserName>
<CreateTime>1556440355</CreateTime>
<MsgType><![CDATA[event]]></MsgType>
<Event><![CDATA[subscribe]]></Event>
<EventKey><![CDATA[0]]></EventKey>
<Ticket><![CDATA[gQHx8DwAAAAAAAAAAS5odHRwOi8vd2VpeGluLnFxLmNvbS9xLzAyNEprcFFlVHdjLWsxLVBBSU5zMVoAAgSzV8VcAwQAjScA]]></Ticket>
</xml>
2019-04-28 16:46:31<xml><ToUserName><![CDATA[gh_6a4f70b5eed6]]></ToUserName>
<FromUserName><![CDATA[od-A-1FwnuCU3XUp3HU6wtIuDw48]]></FromUserName>
<CreateTime>1556440355</CreateTime>
<MsgType><![CDATA[event]]></MsgType>
<Event><![CDATA[subscribe]]></Event>
<EventKey><![CDATA[0]]></EventKey>
<Ticket><![CDATA[gQHx8DwAAAAAAAAAAS5odHRwOi8vd2VpeGluLnFxLmNvbS9xLzAyNEprcFFlVHdjLWsxLVBBSU5zMVoAAgSzV8VcAwQAjScA]]></Ticket>
</xml>
